2017-11-03 10:20:32,922 INFO ==============================================
2017-11-03 10:20:32,922 INFO Logging enabled in file: logs/spot-11032017.log
2017-11-03 10:20:32,922 INFO looping
2017-11-03 10:20:32,922 DEBUG termination_time from file = 
2017-11-03 10:20:37,925 INFO looping
2017-11-03 10:20:37,925 DEBUG termination_time from file = 
2017-11-03 10:20:42,930 INFO looping
2017-11-03 10:20:42,931 DEBUG termination_time from file = 
2017-11-03 10:20:47,936 INFO looping
2017-11-03 10:20:47,936 DEBUG termination_time from file = 
2017-11-03 10:20:52,941 INFO looping
2017-11-03 10:20:52,941 DEBUG termination_time from file = 2017-11-03T10:23:00Z
2017-11-03 10:20:52,946 INFO termination_time = 2017-11-03 10:23:00
2017-11-03 10:20:52,947 INFO Incrementing desired capacity
2017-11-03 10:20:52,947 INFO 127.052945
2017-11-03 10:20:57,952 INFO looping
2017-11-03 10:20:57,952 DEBUG termination_time from file = 2017-11-03T10:23:00Z
2017-11-03 10:20:57,952 INFO termination_time = 2017-11-03 10:23:00
2017-11-03 10:20:57,952 INFO 122.047125
2017-11-03 10:21:02,956 INFO looping
2017-11-03 10:21:02,956 DEBUG termination_time from file = 2017-11-03T10:23:00Z
2017-11-03 10:21:02,956 INFO termination_time = 2017-11-03 10:23:00
2017-11-03 10:21:02,956 INFO 117.043136
2017-11-03 10:21:07,957 INFO looping
2017-11-03 10:21:07,957 DEBUG termination_time from file = 2017-11-03T10:23:00Z
2017-11-03 10:21:07,958 INFO termination_time = 2017-11-03 10:23:00
2017-11-03 10:21:07,958 INFO 112.041743
2017-11-03 10:21:12,960 INFO looping
2017-11-03 10:21:12,961 DEBUG termination_time from file = 2017-11-03T10:23:00Z
2017-11-03 10:21:12,961 INFO termination_time = 2017-11-03 10:23:00
2017-11-03 10:21:12,961 INFO 107.038568
2017-11-03 10:21:17,966 INFO looping
2017-11-03 10:21:17,967 DEBUG termination_time from file = 2017-11-03T10:23:00Z
2017-11-03 10:21:17,967 INFO termination_time = 2017-11-03 10:23:00
2017-11-03 10:21:17,967 INFO 102.032298
2017-11-03 10:21:22,972 INFO looping
2017-11-03 10:21:22,973 DEBUG termination_time from file = 2017-11-03T10:23:00Z
2017-11-03 10:21:22,973 INFO termination_time = 2017-11-03 10:23:00
2017-11-03 10:21:22,973 INFO 97.026378
2017-11-03 10:21:27,978 INFO looping
2017-11-03 10:21:27,978 DEBUG termination_time from file = 2017-11-03T10:23:00Z
2017-11-03 10:21:27,979 INFO termination_time = 2017-11-03 10:23:00
2017-11-03 10:21:27,979 INFO 92.020717
2017-11-03 10:21:32,980 INFO looping
2017-11-03 10:21:32,980 DEBUG termination_time from file = 2017-11-03T10:23:00Z
2017-11-03 10:21:32,980 INFO termination_time = 2017-11-03 10:23:00
2017-11-03 10:21:32,980 INFO 87.0193
2017-11-03 10:21:37,985 INFO looping
2017-11-03 10:21:37,985 DEBUG termination_time from file = 2017-11-03T10:23:00Z
2017-11-03 10:21:37,985 INFO termination_time = 2017-11-03 10:23:00
2017-11-03 10:21:37,985 INFO 82.014286
2017-11-03 10:21:42,986 INFO looping
2017-11-03 10:21:42,986 DEBUG termination_time from file = 2017-11-03T10:23:00Z
2017-11-03 10:21:42,986 INFO termination_time = 2017-11-03 10:23:00
2017-11-03 10:21:42,986 INFO 77.013329
2017-11-03 10:21:47,987 INFO looping
2017-11-03 10:21:47,987 DEBUG termination_time from file = 2017-11-03T10:23:00Z
2017-11-03 10:21:47,988 INFO termination_time = 2017-11-03 10:23:00
2017-11-03 10:21:47,988 INFO 72.011695
2017-11-03 10:21:52,991 INFO looping
2017-11-03 10:21:52,992 DEBUG termination_time from file = 2017-11-03T10:23:00Z
2017-11-03 10:21:52,992 INFO termination_time = 2017-11-03 10:23:00
2017-11-03 10:21:52,992 INFO 67.007496
2017-11-03 10:21:57,995 INFO looping
2017-11-03 10:21:57,995 DEBUG termination_time from file = 2017-11-03T10:23:00Z
2017-11-03 10:21:57,995 INFO termination_time = 2017-11-03 10:23:00
2017-11-03 10:21:57,995 INFO 62.004421
2017-11-03 10:22:03,000 INFO looping
2017-11-03 10:22:03,000 DEBUG termination_time from file = 2017-11-03T10:23:00Z
2017-11-03 10:22:03,001 INFO termination_time = 2017-11-03 10:23:00
2017-11-03 10:22:03,002 INFO 56.997966
2017-11-03 10:22:08,006 INFO looping
2017-11-03 10:22:08,006 DEBUG termination_time from file = 2017-11-03T10:23:00Z
2017-11-03 10:22:08,007 INFO termination_time = 2017-11-03 10:23:00
2017-11-03 10:22:08,008 INFO 51.992041
2017-11-03 10:22:13,011 INFO looping
2017-11-03 10:22:13,011 DEBUG termination_time from file = 2017-11-03T10:23:00Z
2017-11-03 10:22:13,012 INFO termination_time = 2017-11-03 10:23:00
2017-11-03 10:22:13,012 INFO 46.987837
2017-11-03 10:22:18,015 INFO looping
2017-11-03 10:22:18,016 DEBUG termination_time from file = 2017-11-03T10:23:00Z
2017-11-03 10:22:18,016 INFO termination_time = 2017-11-03 10:23:00
2017-11-03 10:22:18,016 INFO 41.983159
2017-11-03 10:22:23,021 INFO looping
2017-11-03 10:22:23,021 DEBUG termination_time from file = 2017-11-03T10:23:00Z
2017-11-03 10:22:23,021 INFO termination_time = 2017-11-03 10:23:00
2017-11-03 10:22:23,021 INFO 36.97825
2017-11-03 10:22:28,025 INFO looping
2017-11-03 10:22:28,025 DEBUG termination_time from file = 2017-11-03T10:23:00Z
2017-11-03 10:22:28,026 INFO termination_time = 2017-11-03 10:23:00
2017-11-03 10:22:28,026 INFO 31.973663
2017-11-03 10:22:33,031 INFO looping
2017-11-03 10:22:33,031 DEBUG termination_time from file = 2017-11-03T10:23:00Z
2017-11-03 10:22:33,032 INFO termination_time = 2017-11-03 10:23:00
2017-11-03 10:22:33,032 INFO 26.967719
2017-11-03 10:22:38,034 INFO looping
2017-11-03 10:22:38,035 DEBUG termination_time from file = 2017-11-03T10:23:00Z
2017-11-03 10:22:38,035 INFO termination_time = 2017-11-03 10:23:00
2017-11-03 10:22:38,035 INFO 21.964273
2017-11-03 10:22:43,038 INFO looping
2017-11-03 10:22:43,038 DEBUG termination_time from file = 2017-11-03T10:23:00Z
2017-11-03 10:22:43,039 INFO termination_time = 2017-11-03 10:23:00
2017-11-03 10:22:43,039 INFO 16.96081
2017-11-03 10:22:43,039 INFO deregistered
2017-11-03 10:22:48,044 INFO looping
2017-11-03 10:22:48,044 DEBUG termination_time from file = 2017-11-03T10:23:00Z
2017-11-03 10:22:48,044 INFO termination_time = 2017-11-03 10:23:00
2017-11-03 10:22:48,044 INFO 11.955157
2017-11-03 10:22:48,045 INFO deregistered
